# JRE version: Java(TM) SE Runtime Environment 18.9 (11.0.7+8) (build 11.0.7+8-LTS)
# Java VM: Java HotSpot(TM) 64-Bit Server VM 18.9 (11.0.7+8-LTS, mixed mode, tiered, compressed oops, g1 gc, windows-amd64)
Heap:
 garbage-first heap   total 374784K, used 67197K [0x0000000703800000, 0x0000000800000000)
  region size 1024K, 25 young (25600K), 19 survivors (19456K)
 Metaspace       used 96907K, capacity 100434K, committed 100576K, reserved 1136640K
  class space    used 12434K, capacity 13947K, committed 13952K, reserved 1048576K
GC Heap History (10 events):
Event: 11.308 GC heap before
{Heap before GC invocations=10 (full 0):
 garbage-first heap   total 312320K, used 201343K [0x0000000703800000, 0x0000000800000000)
  region size 1024K, 183 young (187392K), 12 survivors (12288K)
 Metaspace       used 69598K, capacity 71599K, committed 71840K, reserved 1112064K
  class space    used 8911K, capacity 9709K, committed 9728K, reserved 1048576K
}
Event: 11.330 GC heap after
{Heap after GC invocations=11 (full 0):
 garbage-first heap   total 312320K, used 35455K [0x0000000703800000, 0x0000000800000000)
  region size 1024K, 21 young (21504K), 21 survivors (21504K)
 Metaspace       used 69598K, capacity 71599K, committed 71840K, reserved 1112064K
  class space    used 8911K, capacity 9709K, committed 9728K, reserved 1048576K
}
Event: 14.588 GC heap before
{Heap before GC invocations=11 (full 0):
 garbage-first heap   total 312320K, used 200319K [0x0000000703800000, 0x0000000800000000)
  region size 1024K, 183 young (187392K), 21 survivors (21504K)
 Metaspace       used 73728K, capacity 75926K, committed 76064K, reserved 1116160K
  class space    used 9400K, capacity 10242K, committed 10368K, reserved 1048576K
}
Event: 14.606 GC heap after
{Heap after GC invocations=12 (full 0):
 garbage-first heap   total 312320K, used 38191K [0x0000000703800000, 0x0000000800000000)
  region size 1024K, 16 young (16384K), 16 survivors (16384K)
 Metaspace       used 73728K, capacity 75926K, committed 76064K, reserved 1116160K
  class space    used 9400K, capacity 10242K, committed 10368K, reserved 1048576K
}
Event: 18.211 GC heap before
{Heap before GC invocations=12 (full 0):
 garbage-first heap   total 312320K, used 209199K [0x0000000703800000, 0x0000000800000000)
  region size 1024K, 183 young (187392K), 16 survivors (16384K)
 Metaspace       used 77908K, capacity 80233K, committed 80288K, reserved 1118208K
  class space    used 9835K, capacity 10740K, committed 10752K, reserved 1048576K
}
Event: 18.243 GC heap after
{Heap after GC invocations=13 (full 0):
 garbage-first heap   total 312320K, used 48162K [0x0000000703800000, 0x0000000800000000)
  region size 1024K, 17 young (17408K), 17 survivors (17408K)
 Metaspace       used 77908K, capacity 80233K, committed 80288K, reserved 1118208K
  class space    used 9835K, capacity 10740K, committed 10752K, reserved 1048576K
}
Event: 20.967 GC heap before
{Heap before GC invocations=13 (full 0):
 garbage-first heap   total 312320K, used 220194K [0x0000000703800000, 0x0000000800000000)
  region size 1024K, 183 young (187392K), 17 survivors (17408K)
 Metaspace       used 90041K, capacity 92992K, committed 93216K, reserved 1130496K
  class space    used 11390K, capacity 12622K, committed 12672K, reserved 1048576K
}
Event: 20.991 GC heap after
{Heap after GC invocations=14 (full 0):
 garbage-first heap   total 374784K, used 56320K [0x0000000703800000, 0x0000000800000000)
  region size 1024K, 20 young (20480K), 20 survivors (20480K)
 Metaspace       used 90041K, capacity 92992K, committed 93216K, reserved 1130496K
  class space    used 11390K, capacity 12622K, committed 12672K, reserved 1048576K
}
Event: 24.897 GC heap before
{Heap before GC invocations=14 (full 0):
 garbage-first heap   total 374784K, used 151552K [0x0000000703800000, 0x0000000800000000)
  region size 1024K, 114 young (116736K), 20 survivors (20480K)
 Metaspace       used 96747K, capacity 100258K, committed 100320K, reserved 1136640K
  class space    used 12399K, capacity 13911K, committed 13952K, reserved 1048576K
}
Event: 24.918 GC heap after
{Heap after GC invocations=15 (full 0):
 garbage-first heap   total 374784K, used 62077K [0x0000000703800000, 0x0000000800000000)
  region size 1024K, 19 young (19456K), 19 survivors (19456K)
 Metaspace       used 96747K, capacity 100258K, committed 100320K, reserved 1136640K
  class space    used 12399K, capacity 13911K, committed 13952K, reserved 1048576K
}

